2025-09-07 15:46:55,756 - ERROR - db.py:227 - authenticate_user - SYSTEM_ERROR: Authentication failed - Invalid credentials for Email: nav@gmail.com
2025-09-07 15:46:55,756 - ERROR - db.py:227 - authenticate_user - SYSTEM_ERROR: Authentication failed - Invalid credentials for Email: nav@gmail.com
2025-09-07 15:46:55,756 - ERROR - db.py:227 - authenticate_user - SYSTEM_ERROR: Authentication failed - Invalid credentials for Email: nav@gmail.com
2025-09-07 15:46:55,757 - ERROR - main.py:230 - login - SYSTEM_ERROR: Login failed - invalid credentials for Email: nav@gmail.com
2025-09-07 15:46:55,757 - ERROR - main.py:230 - login - SYSTEM_ERROR: Login failed - invalid credentials for Email: nav@gmail.com
2025-09-07 15:46:55,757 - ERROR - main.py:230 - login - SYSTEM_ERROR: Login failed - invalid credentials for Email: nav@gmail.com
2025-09-07 15:47:04,753 - ERROR - db.py:227 - authenticate_user - SYSTEM_ERROR: Authentication failed - Invalid credentials for Email: nav@gail.com
2025-09-07 15:47:04,753 - ERROR - db.py:227 - authenticate_user - SYSTEM_ERROR: Authentication failed - Invalid credentials for Email: nav@gail.com
2025-09-07 15:47:04,753 - ERROR - db.py:227 - authenticate_user - SYSTEM_ERROR: Authentication failed - Invalid credentials for Email: nav@gail.com
2025-09-07 15:47:04,754 - ERROR - main.py:230 - login - SYSTEM_ERROR: Login failed - invalid credentials for Email: nav@gail.com
2025-09-07 15:47:04,754 - ERROR - main.py:230 - login - SYSTEM_ERROR: Login failed - invalid credentials for Email: nav@gail.com
2025-09-07 15:47:04,754 - ERROR - main.py:230 - login - SYSTEM_ERROR: Login failed - invalid credentials for Email: nav@gail.com
2025-09-07 16:57:54,091 - ERROR - db.py:227 - authenticate_user - SYSTEM_ERROR: Authentication failed - Invalid credentials for Email: abc@gmail.com
2025-09-07 16:57:54,091 - ERROR - db.py:227 - authenticate_user - SYSTEM_ERROR: Authentication failed - Invalid credentials for Email: abc@gmail.com
2025-09-07 16:57:54,091 - ERROR - db.py:227 - authenticate_user - SYSTEM_ERROR: Authentication failed - Invalid credentials for Email: abc@gmail.com
2025-09-07 16:57:54,091 - ERROR - main.py:230 - login - SYSTEM_ERROR: Login failed - invalid credentials for Email: abc@gmail.com
2025-09-07 16:57:54,091 - ERROR - main.py:230 - login - SYSTEM_ERROR: Login failed - invalid credentials for Email: abc@gmail.com
2025-09-07 16:57:54,091 - ERROR - main.py:230 - login - SYSTEM_ERROR: Login failed - invalid credentials for Email: abc@gmail.com
2025-09-07 16:58:15,461 - ERROR - db.py:227 - authenticate_user - SYSTEM_ERROR: Authentication failed - Invalid credentials for Email: abc@gmail.com
2025-09-07 16:58:15,461 - ERROR - db.py:227 - authenticate_user - SYSTEM_ERROR: Authentication failed - Invalid credentials for Email: abc@gmail.com
2025-09-07 16:58:15,461 - ERROR - db.py:227 - authenticate_user - SYSTEM_ERROR: Authentication failed - Invalid credentials for Email: abc@gmail.com
2025-09-07 16:58:15,461 - ERROR - main.py:230 - login - SYSTEM_ERROR: Login failed - invalid credentials for Email: abc@gmail.com
2025-09-07 16:58:15,461 - ERROR - main.py:230 - login - SYSTEM_ERROR: Login failed - invalid credentials for Email: abc@gmail.com
2025-09-07 16:58:15,461 - ERROR - main.py:230 - login - SYSTEM_ERROR: Login failed - invalid credentials for Email: abc@gmail.com
2025-09-07 16:58:23,761 - ERROR - db.py:227 - authenticate_user - SYSTEM_ERROR: Authentication failed - Invalid credentials for Email: abc@gmail.com
2025-09-07 16:58:23,761 - ERROR - db.py:227 - authenticate_user - SYSTEM_ERROR: Authentication failed - Invalid credentials for Email: abc@gmail.com
2025-09-07 16:58:23,761 - ERROR - db.py:227 - authenticate_user - SYSTEM_ERROR: Authentication failed - Invalid credentials for Email: abc@gmail.com
2025-09-07 16:58:23,761 - ERROR - main.py:230 - login - SYSTEM_ERROR: Login failed - invalid credentials for Email: abc@gmail.com
2025-09-07 16:58:23,761 - ERROR - main.py:230 - login - SYSTEM_ERROR: Login failed - invalid credentials for Email: abc@gmail.com
2025-09-07 16:58:23,761 - ERROR - main.py:230 - login - SYSTEM_ERROR: Login failed - invalid credentials for Email: abc@gmail.com
2025-09-07 16:58:25,661 - ERROR - db.py:227 - authenticate_user - SYSTEM_ERROR: Authentication failed - Invalid credentials for Email: abc@gmail.com
2025-09-07 16:58:25,661 - ERROR - db.py:227 - authenticate_user - SYSTEM_ERROR: Authentication failed - Invalid credentials for Email: abc@gmail.com
2025-09-07 16:58:25,661 - ERROR - db.py:227 - authenticate_user - SYSTEM_ERROR: Authentication failed - Invalid credentials for Email: abc@gmail.com
2025-09-07 16:58:25,661 - ERROR - main.py:230 - login - SYSTEM_ERROR: Login failed - invalid credentials for Email: abc@gmail.com
2025-09-07 16:58:25,661 - ERROR - main.py:230 - login - SYSTEM_ERROR: Login failed - invalid credentials for Email: abc@gmail.com
2025-09-07 16:58:25,661 - ERROR - main.py:230 - login - SYSTEM_ERROR: Login failed - invalid credentials for Email: abc@gmail.com
