2025-09-07 14:38:23,883 - INFO - SYSTEM_INFO: Application startup initiated
2025-09-07 14:38:23,883 - INFO - SYSTEM_INFO: Application startup initiated
2025-09-07 14:38:23,914 - INFO - SYSTEM_INFO: Database connection established, API ready to serve requests
2025-09-07 14:38:23,914 - INFO - SYSTEM_INFO: Database connection established, API ready to serve requests
2025-09-07 14:38:44,582 - INFO - SYSTEM_INFO: Application shutdown initiated
2025-09-07 14:38:44,582 - INFO - SYSTEM_INFO: Application shutdown initiated
2025-09-07 14:38:44,582 - INFO - SYSTEM_INFO: Database connection closed, API shutdown complete
2025-09-07 14:38:44,582 - INFO - SYSTEM_INFO: Database connection closed, API shutdown complete
2025-09-07 14:38:45,116 - INFO - SYSTEM_INFO: Application startup initiated
2025-09-07 14:38:45,116 - INFO - SYSTEM_INFO: Application startup initiated
2025-09-07 14:38:45,116 - INFO - SYSTEM_INFO: Application startup initiated
2025-09-07 14:38:45,148 - INFO - SYSTEM_INFO: Database connection established, API ready to serve requests
2025-09-07 14:38:45,148 - INFO - SYSTEM_INFO: Database connection established, API ready to serve requests
2025-09-07 14:38:45,148 - INFO - SYSTEM_INFO: Database connection established, API ready to serve requests
2025-09-07 14:38:57,900 - INFO - SYSTEM_INFO: Application shutdown initiated
2025-09-07 14:38:57,900 - INFO - SYSTEM_INFO: Application shutdown initiated
2025-09-07 14:38:57,900 - INFO - SYSTEM_INFO: Application shutdown initiated
2025-09-07 14:38:57,901 - INFO - SYSTEM_INFO: Database connection closed, API shutdown complete
2025-09-07 14:38:57,901 - INFO - SYSTEM_INFO: Database connection closed, API shutdown complete
2025-09-07 14:38:57,901 - INFO - SYSTEM_INFO: Database connection closed, API shutdown complete
2025-09-07 14:38:58,457 - INFO - SYSTEM_INFO: Application startup initiated
2025-09-07 14:38:58,457 - INFO - SYSTEM_INFO: Application startup initiated
2025-09-07 14:38:58,457 - INFO - SYSTEM_INFO: Application startup initiated
2025-09-07 14:38:58,489 - INFO - SYSTEM_INFO: Database connection pool initialized - Pool size: 1-20 connections
2025-09-07 14:38:58,489 - INFO - SYSTEM_INFO: Database connection pool initialized - Pool size: 1-20 connections
2025-09-07 14:38:58,489 - INFO - SYSTEM_INFO: Database connection pool initialized - Pool size: 1-20 connections
2025-09-07 14:38:58,491 - INFO - SYSTEM_INFO: Database connection established, API ready to serve requests
2025-09-07 14:38:58,491 - INFO - SYSTEM_INFO: Database connection established, API ready to serve requests
2025-09-07 14:38:58,491 - INFO - SYSTEM_INFO: Database connection established, API ready to serve requests
2025-09-07 14:39:29,748 - INFO - SYSTEM_INFO: Application shutdown initiated
2025-09-07 14:39:29,748 - INFO - SYSTEM_INFO: Application shutdown initiated
2025-09-07 14:39:29,748 - INFO - SYSTEM_INFO: Application shutdown initiated
2025-09-07 14:39:29,749 - INFO - SYSTEM_INFO: Database connection pool closed successfully
2025-09-07 14:39:29,749 - INFO - SYSTEM_INFO: Database connection pool closed successfully
2025-09-07 14:39:29,749 - INFO - SYSTEM_INFO: Database connection pool closed successfully
2025-09-07 14:39:29,750 - INFO - SYSTEM_INFO: Database connection closed, API shutdown complete
2025-09-07 14:39:29,750 - INFO - SYSTEM_INFO: Database connection closed, API shutdown complete
2025-09-07 14:39:29,750 - INFO - SYSTEM_INFO: Database connection closed, API shutdown complete
2025-09-07 14:39:30,253 - INFO - SYSTEM_INFO: Application startup initiated
2025-09-07 14:39:30,253 - INFO - SYSTEM_INFO: Application startup initiated
2025-09-07 14:39:30,253 - INFO - SYSTEM_INFO: Application startup initiated
2025-09-07 14:39:30,285 - INFO - SYSTEM_INFO: Database connection pool initialized - Pool size: 1-20 connections
2025-09-07 14:39:30,285 - INFO - SYSTEM_INFO: Database connection pool initialized - Pool size: 1-20 connections
2025-09-07 14:39:30,285 - INFO - SYSTEM_INFO: Database connection pool initialized - Pool size: 1-20 connections
2025-09-07 14:39:30,286 - INFO - SYSTEM_INFO: Database connection established, API ready to serve requests
2025-09-07 14:39:30,286 - INFO - SYSTEM_INFO: Database connection established, API ready to serve requests
2025-09-07 14:39:30,286 - INFO - SYSTEM_INFO: Database connection established, API ready to serve requests
2025-09-07 14:39:52,550 - INFO - SYSTEM_INFO: Application shutdown initiated
2025-09-07 14:39:52,550 - INFO - SYSTEM_INFO: Application shutdown initiated
2025-09-07 14:39:52,550 - INFO - SYSTEM_INFO: Application shutdown initiated
2025-09-07 14:39:52,550 - INFO - SYSTEM_INFO: Database connection pool closed successfully
2025-09-07 14:39:52,550 - INFO - SYSTEM_INFO: Database connection pool closed successfully
2025-09-07 14:39:52,550 - INFO - SYSTEM_INFO: Database connection pool closed successfully
2025-09-07 14:39:52,550 - INFO - SYSTEM_INFO: Database connection closed, API shutdown complete
2025-09-07 14:39:52,550 - INFO - SYSTEM_INFO: Database connection closed, API shutdown complete
2025-09-07 14:39:52,550 - INFO - SYSTEM_INFO: Database connection closed, API shutdown complete
2025-09-07 14:39:53,113 - INFO - SYSTEM_INFO: Application startup initiated
2025-09-07 14:39:53,113 - INFO - SYSTEM_INFO: Application startup initiated
2025-09-07 14:39:53,113 - INFO - SYSTEM_INFO: Application startup initiated
2025-09-07 14:39:53,145 - INFO - SYSTEM_INFO: Database connection pool initialized - Pool size: 1-20 connections
2025-09-07 14:39:53,145 - INFO - SYSTEM_INFO: Database connection pool initialized - Pool size: 1-20 connections
2025-09-07 14:39:53,145 - INFO - SYSTEM_INFO: Database connection pool initialized - Pool size: 1-20 connections
2025-09-07 14:39:53,146 - INFO - SYSTEM_INFO: Database connection established, API ready to serve requests
2025-09-07 14:39:53,146 - INFO - SYSTEM_INFO: Database connection established, API ready to serve requests
2025-09-07 14:39:53,146 - INFO - SYSTEM_INFO: Database connection established, API ready to serve requests
2025-09-07 14:40:08,656 - INFO - SYSTEM_INFO: Application startup initiated
2025-09-07 14:40:08,656 - INFO - SYSTEM_INFO: Application startup initiated
2025-09-07 14:40:08,656 - INFO - SYSTEM_INFO: Application startup initiated
2025-09-07 14:40:08,692 - INFO - SYSTEM_INFO: Database connection pool initialized - Pool size: 1-20 connections
2025-09-07 14:40:08,692 - INFO - SYSTEM_INFO: Database connection pool initialized - Pool size: 1-20 connections
2025-09-07 14:40:08,692 - INFO - SYSTEM_INFO: Database connection pool initialized - Pool size: 1-20 connections
2025-09-07 14:40:08,693 - INFO - SYSTEM_INFO: Database connection established, API ready to serve requests
2025-09-07 14:40:08,693 - INFO - SYSTEM_INFO: Database connection established, API ready to serve requests
2025-09-07 14:40:08,693 - INFO - SYSTEM_INFO: Database connection established, API ready to serve requests
2025-09-07 14:41:36,005 - INFO - SYSTEM_INFO: Application shutdown initiated
2025-09-07 14:41:36,005 - INFO - SYSTEM_INFO: Application shutdown initiated
2025-09-07 14:41:36,005 - INFO - SYSTEM_INFO: Application shutdown initiated
2025-09-07 14:41:36,006 - INFO - SYSTEM_INFO: Database connection pool closed successfully
2025-09-07 14:41:36,006 - INFO - SYSTEM_INFO: Database connection pool closed successfully
2025-09-07 14:41:36,006 - INFO - SYSTEM_INFO: Database connection pool closed successfully
2025-09-07 14:41:36,006 - INFO - SYSTEM_INFO: Database connection closed, API shutdown complete
2025-09-07 14:41:36,006 - INFO - SYSTEM_INFO: Database connection closed, API shutdown complete
2025-09-07 14:41:36,006 - INFO - SYSTEM_INFO: Database connection closed, API shutdown complete
2025-09-07 14:41:36,553 - INFO - SYSTEM_INFO: Application startup initiated
2025-09-07 14:41:36,553 - INFO - SYSTEM_INFO: Application startup initiated
2025-09-07 14:41:36,553 - INFO - SYSTEM_INFO: Application startup initiated
2025-09-07 14:41:36,585 - INFO - SYSTEM_INFO: Database connection pool initialized - Pool size: 1-20 connections
2025-09-07 14:41:36,585 - INFO - SYSTEM_INFO: Database connection pool initialized - Pool size: 1-20 connections
2025-09-07 14:41:36,585 - INFO - SYSTEM_INFO: Database connection pool initialized - Pool size: 1-20 connections
2025-09-07 14:41:36,586 - INFO - SYSTEM_INFO: Database connection established, API ready to serve requests
2025-09-07 14:41:36,586 - INFO - SYSTEM_INFO: Database connection established, API ready to serve requests
2025-09-07 14:41:36,586 - INFO - SYSTEM_INFO: Database connection established, API ready to serve requests
2025-09-07 14:41:44,638 - INFO - SYSTEM_INFO: Application shutdown initiated
2025-09-07 14:41:44,638 - INFO - SYSTEM_INFO: Application shutdown initiated
2025-09-07 14:41:44,638 - INFO - SYSTEM_INFO: Application shutdown initiated
2025-09-07 14:41:44,638 - INFO - SYSTEM_INFO: Database connection pool closed successfully
2025-09-07 14:41:44,638 - INFO - SYSTEM_INFO: Database connection pool closed successfully
2025-09-07 14:41:44,638 - INFO - SYSTEM_INFO: Database connection pool closed successfully
2025-09-07 14:41:44,638 - INFO - SYSTEM_INFO: Database connection closed, API shutdown complete
2025-09-07 14:41:44,638 - INFO - SYSTEM_INFO: Database connection closed, API shutdown complete
2025-09-07 14:41:44,638 - INFO - SYSTEM_INFO: Database connection closed, API shutdown complete
2025-09-07 14:41:44,832 - INFO - SYSTEM_INFO: Application shutdown initiated
2025-09-07 14:41:44,832 - INFO - SYSTEM_INFO: Application shutdown initiated
2025-09-07 14:41:44,832 - INFO - SYSTEM_INFO: Application shutdown initiated
2025-09-07 14:41:44,832 - INFO - SYSTEM_INFO: Database connection pool closed successfully
2025-09-07 14:41:44,832 - INFO - SYSTEM_INFO: Database connection pool closed successfully
2025-09-07 14:41:44,832 - INFO - SYSTEM_INFO: Database connection pool closed successfully
2025-09-07 14:41:44,832 - INFO - SYSTEM_INFO: Database connection closed, API shutdown complete
2025-09-07 14:41:44,832 - INFO - SYSTEM_INFO: Database connection closed, API shutdown complete
2025-09-07 14:41:44,832 - INFO - SYSTEM_INFO: Database connection closed, API shutdown complete
2025-09-07 14:41:45,180 - INFO - SYSTEM_INFO: Application startup initiated
2025-09-07 14:41:45,180 - INFO - SYSTEM_INFO: Application startup initiated
2025-09-07 14:41:45,180 - INFO - SYSTEM_INFO: Application startup initiated
2025-09-07 14:41:45,217 - INFO - SYSTEM_INFO: Database connection pool initialized - Pool size: 1-20 connections
2025-09-07 14:41:45,217 - INFO - SYSTEM_INFO: Database connection pool initialized - Pool size: 1-20 connections
2025-09-07 14:41:45,217 - INFO - SYSTEM_INFO: Database connection pool initialized - Pool size: 1-20 connections
2025-09-07 14:41:45,218 - INFO - SYSTEM_INFO: Database connection established, API ready to serve requests
2025-09-07 14:41:45,218 - INFO - SYSTEM_INFO: Database connection established, API ready to serve requests
2025-09-07 14:41:45,218 - INFO - SYSTEM_INFO: Database connection established, API ready to serve requests
2025-09-07 14:41:45,350 - INFO - SYSTEM_INFO: Application startup initiated
2025-09-07 14:41:45,350 - INFO - SYSTEM_INFO: Application startup initiated
2025-09-07 14:41:45,350 - INFO - SYSTEM_INFO: Application startup initiated
2025-09-07 14:41:45,382 - INFO - SYSTEM_INFO: Database connection pool initialized - Pool size: 1-20 connections
2025-09-07 14:41:45,382 - INFO - SYSTEM_INFO: Database connection pool initialized - Pool size: 1-20 connections
2025-09-07 14:41:45,382 - INFO - SYSTEM_INFO: Database connection pool initialized - Pool size: 1-20 connections
2025-09-07 14:41:45,383 - INFO - SYSTEM_INFO: Database connection established, API ready to serve requests
2025-09-07 14:41:45,383 - INFO - SYSTEM_INFO: Database connection established, API ready to serve requests
2025-09-07 14:41:45,383 - INFO - SYSTEM_INFO: Database connection established, API ready to serve requests
2025-09-07 14:41:49,345 - INFO - SYSTEM_INFO: Application shutdown initiated
2025-09-07 14:41:49,345 - INFO - SYSTEM_INFO: Application shutdown initiated
2025-09-07 14:41:49,345 - INFO - SYSTEM_INFO: Application shutdown initiated
2025-09-07 14:41:49,346 - INFO - SYSTEM_INFO: Database connection pool closed successfully
2025-09-07 14:41:49,346 - INFO - SYSTEM_INFO: Database connection pool closed successfully
2025-09-07 14:41:49,346 - INFO - SYSTEM_INFO: Database connection pool closed successfully
2025-09-07 14:41:49,346 - INFO - SYSTEM_INFO: Database connection closed, API shutdown complete
2025-09-07 14:41:49,346 - INFO - SYSTEM_INFO: Database connection closed, API shutdown complete
2025-09-07 14:41:49,346 - INFO - SYSTEM_INFO: Database connection closed, API shutdown complete
2025-09-07 14:41:49,512 - INFO - SYSTEM_INFO: Application shutdown initiated
2025-09-07 14:41:49,512 - INFO - SYSTEM_INFO: Application shutdown initiated
2025-09-07 14:41:49,512 - INFO - SYSTEM_INFO: Application shutdown initiated
2025-09-07 14:41:49,513 - INFO - SYSTEM_INFO: Database connection pool closed successfully
2025-09-07 14:41:49,513 - INFO - SYSTEM_INFO: Database connection pool closed successfully
2025-09-07 14:41:49,513 - INFO - SYSTEM_INFO: Database connection pool closed successfully
2025-09-07 14:41:49,513 - INFO - SYSTEM_INFO: Database connection closed, API shutdown complete
2025-09-07 14:41:49,513 - INFO - SYSTEM_INFO: Database connection closed, API shutdown complete
2025-09-07 14:41:49,513 - INFO - SYSTEM_INFO: Database connection closed, API shutdown complete
2025-09-07 14:41:49,919 - INFO - SYSTEM_INFO: Application startup initiated
2025-09-07 14:41:49,919 - INFO - SYSTEM_INFO: Application startup initiated
2025-09-07 14:41:49,919 - INFO - SYSTEM_INFO: Application startup initiated
2025-09-07 14:41:49,956 - INFO - SYSTEM_INFO: Database connection pool initialized - Pool size: 1-20 connections
2025-09-07 14:41:49,956 - INFO - SYSTEM_INFO: Database connection pool initialized - Pool size: 1-20 connections
2025-09-07 14:41:49,956 - INFO - SYSTEM_INFO: Database connection pool initialized - Pool size: 1-20 connections
2025-09-07 14:41:49,958 - INFO - SYSTEM_INFO: Database connection established, API ready to serve requests
2025-09-07 14:41:49,958 - INFO - SYSTEM_INFO: Database connection established, API ready to serve requests
2025-09-07 14:41:49,958 - INFO - SYSTEM_INFO: Database connection established, API ready to serve requests
2025-09-07 14:41:50,044 - INFO - SYSTEM_INFO: Application startup initiated
2025-09-07 14:41:50,044 - INFO - SYSTEM_INFO: Application startup initiated
2025-09-07 14:41:50,044 - INFO - SYSTEM_INFO: Application startup initiated
2025-09-07 14:41:50,078 - INFO - SYSTEM_INFO: Database connection pool initialized - Pool size: 1-20 connections
2025-09-07 14:41:50,078 - INFO - SYSTEM_INFO: Database connection pool initialized - Pool size: 1-20 connections
2025-09-07 14:41:50,078 - INFO - SYSTEM_INFO: Database connection pool initialized - Pool size: 1-20 connections
2025-09-07 14:41:50,079 - INFO - SYSTEM_INFO: Database connection established, API ready to serve requests
2025-09-07 14:41:50,079 - INFO - SYSTEM_INFO: Database connection established, API ready to serve requests
2025-09-07 14:41:50,079 - INFO - SYSTEM_INFO: Database connection established, API ready to serve requests
2025-09-07 14:42:07,945 - INFO - SYSTEM_INFO: Application shutdown initiated
2025-09-07 14:42:07,945 - INFO - SYSTEM_INFO: Application shutdown initiated
2025-09-07 14:42:07,945 - INFO - SYSTEM_INFO: Application shutdown initiated
2025-09-07 14:42:07,945 - INFO - SYSTEM_INFO: Database connection pool closed successfully
2025-09-07 14:42:07,945 - INFO - SYSTEM_INFO: Database connection pool closed successfully
2025-09-07 14:42:07,945 - INFO - SYSTEM_INFO: Database connection pool closed successfully
2025-09-07 14:42:07,946 - INFO - SYSTEM_INFO: Database connection closed, API shutdown complete
2025-09-07 14:42:07,946 - INFO - SYSTEM_INFO: Database connection closed, API shutdown complete
2025-09-07 14:42:07,946 - INFO - SYSTEM_INFO: Database connection closed, API shutdown complete
2025-09-07 14:42:31,158 - INFO - SYSTEM_INFO: Application startup initiated
2025-09-07 14:42:31,158 - INFO - SYSTEM_INFO: Application startup initiated
2025-09-07 14:42:31,158 - INFO - SYSTEM_INFO: Application startup initiated
2025-09-07 14:42:31,188 - INFO - SYSTEM_INFO: Database connection pool initialized - Pool size: 1-20 connections
2025-09-07 14:42:31,188 - INFO - SYSTEM_INFO: Database connection pool initialized - Pool size: 1-20 connections
2025-09-07 14:42:31,188 - INFO - SYSTEM_INFO: Database connection pool initialized - Pool size: 1-20 connections
2025-09-07 14:42:31,190 - INFO - SYSTEM_INFO: Database connection established, API ready to serve requests
2025-09-07 14:42:31,190 - INFO - SYSTEM_INFO: Database connection established, API ready to serve requests
2025-09-07 14:42:31,190 - INFO - SYSTEM_INFO: Database connection established, API ready to serve requests
2025-09-07 14:57:18,939 - INFO - SYSTEM_INFO: Application startup initiated
2025-09-07 14:57:18,939 - INFO - SYSTEM_INFO: Application startup initiated
2025-09-07 14:57:18,939 - INFO - SYSTEM_INFO: Application startup initiated
2025-09-07 14:57:18,974 - INFO - SYSTEM_INFO: Database connection pool initialized - Pool size: 1-20 connections
2025-09-07 14:57:18,974 - INFO - SYSTEM_INFO: Database connection pool initialized - Pool size: 1-20 connections
2025-09-07 14:57:18,974 - INFO - SYSTEM_INFO: Database connection pool initialized - Pool size: 1-20 connections
2025-09-07 14:57:18,976 - INFO - SYSTEM_INFO: Database connection established, API ready to serve requests
2025-09-07 14:57:18,976 - INFO - SYSTEM_INFO: Database connection established, API ready to serve requests
2025-09-07 14:57:18,976 - INFO - SYSTEM_INFO: Database connection established, API ready to serve requests
2025-09-07 14:57:24,254 - INFO - SYSTEM_INFO: Application shutdown initiated
2025-09-07 14:57:24,254 - INFO - SYSTEM_INFO: Application shutdown initiated
2025-09-07 14:57:24,254 - INFO - SYSTEM_INFO: Application shutdown initiated
2025-09-07 14:57:24,254 - INFO - SYSTEM_INFO: Database connection pool closed successfully
2025-09-07 14:57:24,254 - INFO - SYSTEM_INFO: Database connection pool closed successfully
2025-09-07 14:57:24,254 - INFO - SYSTEM_INFO: Database connection pool closed successfully
2025-09-07 14:57:24,255 - INFO - SYSTEM_INFO: Database connection closed, API shutdown complete
2025-09-07 14:57:24,255 - INFO - SYSTEM_INFO: Database connection closed, API shutdown complete
2025-09-07 14:57:24,255 - INFO - SYSTEM_INFO: Database connection closed, API shutdown complete
2025-09-07 15:01:01,092 - INFO - SYSTEM_INFO: Application shutdown initiated
2025-09-07 15:01:01,092 - INFO - SYSTEM_INFO: Application shutdown initiated
2025-09-07 15:01:01,092 - INFO - SYSTEM_INFO: Application shutdown initiated
2025-09-07 15:01:01,092 - INFO - SYSTEM_INFO: Database connection pool closed successfully
2025-09-07 15:01:01,092 - INFO - SYSTEM_INFO: Database connection pool closed successfully
2025-09-07 15:01:01,092 - INFO - SYSTEM_INFO: Database connection pool closed successfully
2025-09-07 15:01:01,092 - INFO - SYSTEM_INFO: Database connection closed, API shutdown complete
2025-09-07 15:01:01,092 - INFO - SYSTEM_INFO: Database connection closed, API shutdown complete
2025-09-07 15:01:01,092 - INFO - SYSTEM_INFO: Database connection closed, API shutdown complete
2025-09-07 15:01:08,532 - INFO - SYSTEM_INFO: Application startup initiated
2025-09-07 15:01:08,532 - INFO - SYSTEM_INFO: Application startup initiated
2025-09-07 15:01:08,532 - INFO - SYSTEM_INFO: Application startup initiated
2025-09-07 15:01:08,560 - INFO - SYSTEM_INFO: Database connection pool initialized - Pool size: 1-20 connections
2025-09-07 15:01:08,560 - INFO - SYSTEM_INFO: Database connection pool initialized - Pool size: 1-20 connections
2025-09-07 15:01:08,560 - INFO - SYSTEM_INFO: Database connection pool initialized - Pool size: 1-20 connections
2025-09-07 15:01:08,562 - INFO - SYSTEM_INFO: Database connection established, API ready to serve requests
2025-09-07 15:01:08,562 - INFO - SYSTEM_INFO: Database connection established, API ready to serve requests
2025-09-07 15:01:08,562 - INFO - SYSTEM_INFO: Database connection established, API ready to serve requests
2025-09-07 15:03:56,811 - INFO - SYSTEM_INFO: Application startup initiated
2025-09-07 15:03:56,811 - INFO - SYSTEM_INFO: Application startup initiated
2025-09-07 15:03:56,811 - INFO - SYSTEM_INFO: Application startup initiated
2025-09-07 15:03:56,848 - INFO - SYSTEM_INFO: Database connection pool initialized - Pool size: 1-20 connections
2025-09-07 15:03:56,848 - INFO - SYSTEM_INFO: Database connection pool initialized - Pool size: 1-20 connections
2025-09-07 15:03:56,848 - INFO - SYSTEM_INFO: Database connection pool initialized - Pool size: 1-20 connections
2025-09-07 15:03:56,850 - INFO - SYSTEM_INFO: Database connection established, API ready to serve requests
2025-09-07 15:03:56,850 - INFO - SYSTEM_INFO: Database connection established, API ready to serve requests
2025-09-07 15:03:56,850 - INFO - SYSTEM_INFO: Database connection established, API ready to serve requests
2025-09-07 15:13:01,547 - INFO - SYSTEM_INFO: Application shutdown initiated
2025-09-07 15:13:01,547 - INFO - SYSTEM_INFO: Application shutdown initiated
2025-09-07 15:13:01,547 - INFO - SYSTEM_INFO: Application shutdown initiated
2025-09-07 15:13:01,547 - INFO - SYSTEM_INFO: Database connection pool closed successfully
2025-09-07 15:13:01,547 - INFO - SYSTEM_INFO: Database connection pool closed successfully
2025-09-07 15:13:01,547 - INFO - SYSTEM_INFO: Database connection pool closed successfully
2025-09-07 15:13:01,548 - INFO - SYSTEM_INFO: Database connection closed, API shutdown complete
2025-09-07 15:13:01,548 - INFO - SYSTEM_INFO: Database connection closed, API shutdown complete
2025-09-07 15:13:01,548 - INFO - SYSTEM_INFO: Database connection closed, API shutdown complete
2025-09-07 15:26:21,066 - INFO - SYSTEM_INFO: User registration attempt - Email: abc@gmail.com, Name: abc
2025-09-07 15:26:21,066 - INFO - SYSTEM_INFO: User registration attempt - Email: abc@gmail.com, Name: abc
2025-09-07 15:26:21,066 - INFO - SYSTEM_INFO: User registration attempt - Email: abc@gmail.com, Name: abc
2025-09-07 15:26:21,067 - INFO - SYSTEM_INFO: User creation process started - Email: abc@gmail.com
2025-09-07 15:26:21,067 - INFO - SYSTEM_INFO: User creation process started - Email: abc@gmail.com
2025-09-07 15:26:21,067 - INFO - SYSTEM_INFO: User creation process started - Email: abc@gmail.com
2025-09-07 15:26:21,278 - INFO - SYSTEM_INFO: User created successfully - UserID: 88a80b19-70cc-4b5b-b8a3-543f15bd0a35, Email: abc@gmail.com
2025-09-07 15:26:21,278 - INFO - SYSTEM_INFO: User created successfully - UserID: 88a80b19-70cc-4b5b-b8a3-543f15bd0a35, Email: abc@gmail.com
2025-09-07 15:26:21,278 - INFO - SYSTEM_INFO: User created successfully - UserID: 88a80b19-70cc-4b5b-b8a3-543f15bd0a35, Email: abc@gmail.com
2025-09-07 15:26:21,279 - INFO - SYSTEM_INFO: User registered successfully - UserID: 88a80b19-70cc-4b5b-b8a3-543f15bd0a35, Email: abc@gmail.com
2025-09-07 15:26:21,279 - INFO - SYSTEM_INFO: User registered successfully - UserID: 88a80b19-70cc-4b5b-b8a3-543f15bd0a35, Email: abc@gmail.com
2025-09-07 15:26:21,279 - INFO - SYSTEM_INFO: User registered successfully - UserID: 88a80b19-70cc-4b5b-b8a3-543f15bd0a35, Email: abc@gmail.com
2025-09-07 15:36:30,864 - INFO - SYSTEM_INFO: User registration attempt - Email: nav@gmail.com, Name: naveen
2025-09-07 15:36:30,864 - INFO - SYSTEM_INFO: User registration attempt - Email: nav@gmail.com, Name: naveen
2025-09-07 15:36:30,864 - INFO - SYSTEM_INFO: User registration attempt - Email: nav@gmail.com, Name: naveen
2025-09-07 15:36:30,865 - INFO - SYSTEM_INFO: User creation process started - Email: nav@gmail.com
2025-09-07 15:36:30,865 - INFO - SYSTEM_INFO: User creation process started - Email: nav@gmail.com
2025-09-07 15:36:30,865 - INFO - SYSTEM_INFO: User creation process started - Email: nav@gmail.com
2025-09-07 15:36:31,064 - INFO - SYSTEM_INFO: User created successfully - UserID: 6e68b717-6697-40e6-8975-3ff6afd609e0, Email: nav@gmail.com
2025-09-07 15:36:31,064 - INFO - SYSTEM_INFO: User created successfully - UserID: 6e68b717-6697-40e6-8975-3ff6afd609e0, Email: nav@gmail.com
2025-09-07 15:36:31,064 - INFO - SYSTEM_INFO: User created successfully - UserID: 6e68b717-6697-40e6-8975-3ff6afd609e0, Email: nav@gmail.com
2025-09-07 15:36:31,065 - INFO - SYSTEM_INFO: User registered successfully - UserID: 6e68b717-6697-40e6-8975-3ff6afd609e0, Email: nav@gmail.com
2025-09-07 15:36:31,065 - INFO - SYSTEM_INFO: User registered successfully - UserID: 6e68b717-6697-40e6-8975-3ff6afd609e0, Email: nav@gmail.com
2025-09-07 15:36:31,065 - INFO - SYSTEM_INFO: User registered successfully - UserID: 6e68b717-6697-40e6-8975-3ff6afd609e0, Email: nav@gmail.com
2025-09-07 15:36:50,228 - INFO - SYSTEM_INFO: User login attempt - Email: nav@gmail.com
2025-09-07 15:36:50,228 - INFO - SYSTEM_INFO: User login attempt - Email: nav@gmail.com
2025-09-07 15:36:50,228 - INFO - SYSTEM_INFO: User login attempt - Email: nav@gmail.com
2025-09-07 15:36:50,229 - INFO - SYSTEM_INFO: User authentication attempt - Email: nav@gmail.com
2025-09-07 15:36:50,229 - INFO - SYSTEM_INFO: User authentication attempt - Email: nav@gmail.com
2025-09-07 15:36:50,229 - INFO - SYSTEM_INFO: User authentication attempt - Email: nav@gmail.com
2025-09-07 15:36:50,426 - INFO - SYSTEM_INFO: Authentication successful - UserID: 6e68b717-6697-40e6-8975-3ff6afd609e0, Email: nav@gmail.com
2025-09-07 15:36:50,426 - INFO - SYSTEM_INFO: Authentication successful - UserID: 6e68b717-6697-40e6-8975-3ff6afd609e0, Email: nav@gmail.com
2025-09-07 15:36:50,426 - INFO - SYSTEM_INFO: Authentication successful - UserID: 6e68b717-6697-40e6-8975-3ff6afd609e0, Email: nav@gmail.com
2025-09-07 15:36:50,427 - INFO - SYSTEM_INFO: User logged in successfully - UserID: 6e68b717-6697-40e6-8975-3ff6afd609e0, Email: nav@gmail.com
2025-09-07 15:36:50,427 - INFO - SYSTEM_INFO: User logged in successfully - UserID: 6e68b717-6697-40e6-8975-3ff6afd609e0, Email: nav@gmail.com
2025-09-07 15:36:50,427 - INFO - SYSTEM_INFO: User logged in successfully - UserID: 6e68b717-6697-40e6-8975-3ff6afd609e0, Email: nav@gmail.com
2025-09-07 15:38:14,685 - INFO - SYSTEM_INFO: User login attempt - Email: nav@gmail.com
2025-09-07 15:38:14,685 - INFO - SYSTEM_INFO: User login attempt - Email: nav@gmail.com
2025-09-07 15:38:14,685 - INFO - SYSTEM_INFO: User login attempt - Email: nav@gmail.com
2025-09-07 15:38:14,685 - INFO - SYSTEM_INFO: User authentication attempt - Email: nav@gmail.com
2025-09-07 15:38:14,685 - INFO - SYSTEM_INFO: User authentication attempt - Email: nav@gmail.com
2025-09-07 15:38:14,685 - INFO - SYSTEM_INFO: User authentication attempt - Email: nav@gmail.com
2025-09-07 15:38:14,882 - INFO - SYSTEM_INFO: Authentication successful - UserID: 6e68b717-6697-40e6-8975-3ff6afd609e0, Email: nav@gmail.com
2025-09-07 15:38:14,882 - INFO - SYSTEM_INFO: Authentication successful - UserID: 6e68b717-6697-40e6-8975-3ff6afd609e0, Email: nav@gmail.com
2025-09-07 15:38:14,882 - INFO - SYSTEM_INFO: Authentication successful - UserID: 6e68b717-6697-40e6-8975-3ff6afd609e0, Email: nav@gmail.com
2025-09-07 15:38:14,883 - INFO - SYSTEM_INFO: User logged in successfully - UserID: 6e68b717-6697-40e6-8975-3ff6afd609e0, Email: nav@gmail.com
2025-09-07 15:38:14,883 - INFO - SYSTEM_INFO: User logged in successfully - UserID: 6e68b717-6697-40e6-8975-3ff6afd609e0, Email: nav@gmail.com
2025-09-07 15:38:14,883 - INFO - SYSTEM_INFO: User logged in successfully - UserID: 6e68b717-6697-40e6-8975-3ff6afd609e0, Email: nav@gmail.com
2025-09-07 15:46:55,560 - INFO - SYSTEM_INFO: User login attempt - Email: nav@gmail.com
2025-09-07 15:46:55,560 - INFO - SYSTEM_INFO: User login attempt - Email: nav@gmail.com
2025-09-07 15:46:55,560 - INFO - SYSTEM_INFO: User login attempt - Email: nav@gmail.com
2025-09-07 15:46:55,561 - INFO - SYSTEM_INFO: User authentication attempt - Email: nav@gmail.com
2025-09-07 15:46:55,561 - INFO - SYSTEM_INFO: User authentication attempt - Email: nav@gmail.com
2025-09-07 15:46:55,561 - INFO - SYSTEM_INFO: User authentication attempt - Email: nav@gmail.com
2025-09-07 15:47:04,752 - INFO - SYSTEM_INFO: User login attempt - Email: nav@gail.com
2025-09-07 15:47:04,752 - INFO - SYSTEM_INFO: User login attempt - Email: nav@gail.com
2025-09-07 15:47:04,752 - INFO - SYSTEM_INFO: User login attempt - Email: nav@gail.com
2025-09-07 15:47:04,753 - INFO - SYSTEM_INFO: User authentication attempt - Email: nav@gail.com
2025-09-07 15:47:04,753 - INFO - SYSTEM_INFO: User authentication attempt - Email: nav@gail.com
2025-09-07 15:47:04,753 - INFO - SYSTEM_INFO: User authentication attempt - Email: nav@gail.com
2025-09-07 16:57:53,851 - INFO - SYSTEM_INFO: User login attempt - Email: abc@gmail.com
2025-09-07 16:57:53,851 - INFO - SYSTEM_INFO: User login attempt - Email: abc@gmail.com
2025-09-07 16:57:53,851 - INFO - SYSTEM_INFO: User login attempt - Email: abc@gmail.com
2025-09-07 16:57:53,858 - INFO - SYSTEM_INFO: User authentication attempt - Email: abc@gmail.com
2025-09-07 16:57:53,858 - INFO - SYSTEM_INFO: User authentication attempt - Email: abc@gmail.com
2025-09-07 16:57:53,858 - INFO - SYSTEM_INFO: User authentication attempt - Email: abc@gmail.com
2025-09-07 16:58:15,268 - INFO - SYSTEM_INFO: User login attempt - Email: abc@gmail.com
2025-09-07 16:58:15,268 - INFO - SYSTEM_INFO: User login attempt - Email: abc@gmail.com
2025-09-07 16:58:15,268 - INFO - SYSTEM_INFO: User login attempt - Email: abc@gmail.com
2025-09-07 16:58:15,269 - INFO - SYSTEM_INFO: User authentication attempt - Email: abc@gmail.com
2025-09-07 16:58:15,269 - INFO - SYSTEM_INFO: User authentication attempt - Email: abc@gmail.com
2025-09-07 16:58:15,269 - INFO - SYSTEM_INFO: User authentication attempt - Email: abc@gmail.com
2025-09-07 16:58:23,567 - INFO - SYSTEM_INFO: User login attempt - Email: abc@gmail.com
2025-09-07 16:58:23,567 - INFO - SYSTEM_INFO: User login attempt - Email: abc@gmail.com
2025-09-07 16:58:23,567 - INFO - SYSTEM_INFO: User login attempt - Email: abc@gmail.com
2025-09-07 16:58:23,567 - INFO - SYSTEM_INFO: User authentication attempt - Email: abc@gmail.com
2025-09-07 16:58:23,567 - INFO - SYSTEM_INFO: User authentication attempt - Email: abc@gmail.com
2025-09-07 16:58:23,567 - INFO - SYSTEM_INFO: User authentication attempt - Email: abc@gmail.com
2025-09-07 16:58:25,453 - INFO - SYSTEM_INFO: User login attempt - Email: abc@gmail.com
2025-09-07 16:58:25,453 - INFO - SYSTEM_INFO: User login attempt - Email: abc@gmail.com
2025-09-07 16:58:25,453 - INFO - SYSTEM_INFO: User login attempt - Email: abc@gmail.com
2025-09-07 16:58:25,453 - INFO - SYSTEM_INFO: User authentication attempt - Email: abc@gmail.com
2025-09-07 16:58:25,453 - INFO - SYSTEM_INFO: User authentication attempt - Email: abc@gmail.com
2025-09-07 16:58:25,453 - INFO - SYSTEM_INFO: User authentication attempt - Email: abc@gmail.com
2025-09-07 16:58:34,922 - INFO - SYSTEM_INFO: Application shutdown initiated
2025-09-07 16:58:34,922 - INFO - SYSTEM_INFO: Application shutdown initiated
2025-09-07 16:58:34,922 - INFO - SYSTEM_INFO: Application shutdown initiated
2025-09-07 16:58:34,923 - INFO - SYSTEM_INFO: Database connection pool closed successfully
2025-09-07 16:58:34,923 - INFO - SYSTEM_INFO: Database connection pool closed successfully
2025-09-07 16:58:34,923 - INFO - SYSTEM_INFO: Database connection pool closed successfully
2025-09-07 16:58:34,924 - INFO - SYSTEM_INFO: Database connection closed, API shutdown complete
2025-09-07 16:58:34,924 - INFO - SYSTEM_INFO: Database connection closed, API shutdown complete
2025-09-07 16:58:34,924 - INFO - SYSTEM_INFO: Database connection closed, API shutdown complete
